<?xml version="1.0" encoding="UTF-8"?>
<testsuite xmlns:xsi="http://www.w3.org/2001/XMLSchema-instance" xsi:noNamespaceSchemaLocation="https://maven.apache.org/surefire/maven-surefire-plugin/xsd/surefire-test-report-3.0.xsd" version="3.0" name="TestSuite" time="26.763" tests="2" errors="0" skipped="0" failures="0">
  <properties>
[...]
</properties>
  <testcase name="loginTest" classname="com.MavenProject_v1.testCase.TC01_Login" time="1.939"/>
  <testcase name="addNewCustomer" classname="com.MavenProject_v1.testCase.TC03_AddCustomer" time="15.372"/>
</testsuite>