<?xml version="1.0" encoding="UTF-8"?>
<!-- Generated by org.testng.reporters.JUnitXMLReporter -->
<testsuite ignored="0" hostname="Swyams-MBP" failures="0" tests="2" name="/Users/swyam/IdeaProjects/MavenProject_v1" time="26.24" errors="0" timestamp="2020-01-29T11:07:48 AEDT">
  <testcase classname="com.MavenProject_v1.testCase.TC01_Login" name="loginTest" time="1.938"/>
  <testcase classname="com.MavenProject_v1.testCase.TC03_AddCustomer" name="addNewCustomer" time="15.371"/>
</testsuite> <!-- /Users/swyam/IdeaProjects/MavenProject_v1 -->
